\BOOKMARK [1][-]{section.1}{Introduction}{}% 1
\BOOKMARK [2][-]{subsection.1.1}{The Drum Kit}{section.1}% 2
\BOOKMARK [2][-]{subsection.1.2}{Automatic Drum Transcription}{section.1}% 3
\BOOKMARK [3][-]{subsubsection.1.2.1}{Source separation techniques}{subsection.1.2}% 4
\BOOKMARK [3][-]{subsubsection.1.2.2}{Nonnegative Matrix Factorization of a Magnitude Spectrogram}{subsection.1.2}% 5
\BOOKMARK [3][-]{subsubsection.1.2.3}{Arbitrary separation of source audio}{subsection.1.2}% 6
\BOOKMARK [3][-]{subsubsection.1.2.4}{Match and adapt }{subsection.1.2}% 7
\BOOKMARK [3][-]{subsubsection.1.2.5}{Segment and Classify}{subsection.1.2}% 8
\BOOKMARK [3][-]{subsubsection.1.2.6}{Onset detection}{subsection.1.2}% 9
\BOOKMARK [2][-]{subsection.1.3}{Learning from the Drumming and creating new patterns in a creative fashion}{section.1}% 10
\BOOKMARK [1][-]{section.2}{Motivation}{}% 11
\BOOKMARK [1][-]{section.3}{Related Work}{}% 12
\BOOKMARK [2][-]{subsection.3.1}{Automatic Drum Transcription}{section.3}% 13
\BOOKMARK [1][-]{section.4}{Drum-Off System Architecture Overview}{}% 14
\BOOKMARK [2][-]{subsection.4.1}{Game Setup Process}{section.4}% 15
\BOOKMARK [3][-]{subsubsection.4.1.1}{Audio Controlled UI}{subsection.4.1}% 16
\BOOKMARK [3][-]{subsubsection.4.1.2}{Sound Check Phase}{subsection.4.1}% 17
\BOOKMARK [2][-]{subsection.4.2}{Non Negative Matrix Factorization with sparsity constraint}{section.4}% 18
\BOOKMARK [2][-]{subsection.4.3}{Neural Network classifier}{section.4}% 19
\BOOKMARK [2][-]{subsection.4.4}{Drum Controlled User Interface}{section.4}% 20
\BOOKMARK [2][-]{subsection.4.5}{Capturing Drum Audio}{section.4}% 21
\BOOKMARK [2][-]{subsection.4.6}{Transcribing the Captured Audio}{section.4}% 22
\BOOKMARK [2][-]{subsection.4.7}{Quantizing the transcription}{section.4}% 23
\BOOKMARK [2][-]{subsection.4.8}{Learning New Patterns Based On Stored Transcriptions}{section.4}% 24
\BOOKMARK [2][-]{subsection.4.9}{Playing the Pattern to the User}{section.4}% 25
\BOOKMARK [1][-]{section.5}{Automatic Drum Transcription}{}% 26
\BOOKMARK [1][-]{section.6}{Learning New Patterns From Transcriptions}{}% 27
\BOOKMARK [1][-]{section.7}{Results}{}% 28
\BOOKMARK [1][-]{section*.3}{References}{}% 29
